Unity Editor version:    2021.3.8f1 (b30333d56e81)
Branch:                  2021.3/staging
Build type:              Release
Batch mode:              YES
macOS version:           Version 10.15.7 (Build 19H2026)
Darwin version:          19.6.0
Architecture:            x86_64
Running under Rosetta:   NO
Available memory:        32768 MB
Using pre-set license
Pro License: YES

COMMAND LINE ARGUMENTS:
/Applications/Unity/Unity.app/Contents/MacOS/Unity
-adb2
-batchMode
-noUpm
-name
AssetImportWorker1
-projectPath
/Users/student/Documents/MTEC-2120-MarlenXique/MTEC-2120-MiniKeyboard
-logFile
Logs/AssetImportWorker1.log
-srvPort
61091
Successfully changed project path to: /Users/student/Documents/MTEC-2120-MarlenXique/MTEC-2120-MiniKeyboard
/Users/student/Documents/MTEC-2120-MarlenXique/MTEC-2120-MiniKeyboard
[UnityMemory] Configuration Parameters - Can be set up in boot.config
    "memorysetup-bucket-allocator-granularity=16"
    "memorysetup-bucket-allocator-bucket-count=8"
    "memorysetup-bucket-allocator-block-size=33554432"
    "memorysetup-bucket-allocator-block-count=8"
    "memorysetup-main-allocator-block-size=16777216"
    "memorysetup-thread-allocator-block-size=16777216"
    "memorysetup-gfx-main-allocator-block-size=16777216"
    "memorysetup-gfx-thread-allocator-block-size=16777216"
    "memorysetup-cache-allocator-block-size=4194304"
    "memorysetup-typetree-allocator-block-size=2097152"
    "memorysetup-profiler-bucket-allocator-granularity=16"
    "memorysetup-profiler-bucket-allocator-bucket-count=8"
    "memorysetup-profiler-bucket-allocator-block-size=33554432"
    "memorysetup-profiler-bucket-allocator-block-count=8"
    "memorysetup-profiler-allocator-block-size=16777216"
    "memorysetup-profiler-editor-allocator-block-size=1048576"
    "memorysetup-temp-allocator-size-main=16777216"
    "memorysetup-job-temp-allocator-block-size=2097152"
    "memorysetup-job-temp-allocator-block-size-background=1048576"
    "memorysetup-job-temp-allocator-reduction-small-platforms=262144"
    "memorysetup-temp-allocator-size-background-worker=32768"
    "memorysetup-temp-allocator-size-job-worker=262144"
    "memorysetup-temp-allocator-size-preload-manager=33554432"
    "memorysetup-temp-allocator-size-nav-mesh-worker=65536"
    "memorysetup-temp-allocator-size-audio-worker=65536"
    "memorysetup-temp-allocator-size-cloud-worker=32768"
    "memorysetup-temp-allocator-size-gi-baking-worker=262144"
    "memorysetup-temp-allocator-size-gfx=262144"
Refreshing native plugins compatible for Editor in 112.45 ms, found 2 plugins.
Preloading 0 native plugins for Editor in 0.00 ms.
Initialize engine version: 2021.3.8f1 (b30333d56e81)
[Subsystems] Discovering subsystems at path /Applications/Unity/Unity.app/Contents/Resources/UnitySubsystems
[Subsystems] Discovering subsystems at path /Users/student/Documents/MTEC-2120-MarlenXique/MTEC-2120-MiniKeyboard/Assets
GfxDevice: creating device client; threaded=0; jobified=0
DELL P2715Q preferred device: AMD Radeon HD - FirePro D700 (high power)
Metal devices available: 2
0: AMD Radeon HD - FirePro D700 (high power)
1: AMD Radeon HD - FirePro D700 (high power)
Using device AMD Radeon HD - FirePro D700 (high power)
Initializing Metal device caps: AMD Radeon HD - FirePro D700
Initialize mono
Mono path[0] = '/Applications/Unity/Unity.app/Contents/Managed'
Mono path[1] = '/Applications/Unity/Unity.app/Contents/MonoBleedingEdge/lib/mono/unityjit-macos'
Mono config path = '/Applications/Unity/Unity.app/Contents/MonoBleedingEdge/etc'
Using monoOptions --debugger-agent=transport=dt_socket,embedding=1,server=y,suspend=n,address=127.0.0.1:56223
Begin MonoManager ReloadAssembly
Registering precompiled unity dll's ...
Register platform support module: /Applications/Unity/Unity.app/Contents/PlaybackEngines/MacStandaloneSupport/UnityEditor.OSXStandalone.Extensions.dll
Registered in 0.001104 seconds.
Native extension for OSXStandalone target not found
Refreshing native plugins compatible for Editor in 109.92 ms, found 2 plugins.
Preloading 0 native plugins for Editor in 0.00 ms.
Mono: successfully reloaded assembly
- Completed reload, in  0.965 seconds
Domain Reload Profiling:
	ReloadAssembly (966ms)
		BeginReloadAssembly (79ms)
			ExecutionOrderSort (0ms)
			DisableScriptedObjects (0ms)
			BackupInstance (0ms)
			ReleaseScriptingObjects (0ms)
			CreateAndSetChildDomain (1ms)
		EndReloadAssembly (711ms)
			LoadAssemblies (78ms)
			RebuildTransferFunctionScriptingTraits (0ms)
			SetupTypeCache (182ms)
			ReleaseScriptCaches (0ms)
			RebuildScriptCaches (47ms)
			SetupLoadedEditorAssemblies (411ms)
				LogAssemblyErrors (0ms)
				InitializePlatformSupportModulesInManaged (9ms)
				SetLoadedEditorAssemblies (0ms)
				RefreshPlugins (110ms)
				BeforeProcessingInitializeOnLoad (2ms)
				ProcessInitializeOnLoadAttributes (221ms)
				ProcessInitializeOnLoadMethodAttributes (69ms)
				AfterProcessingInitializeOnLoad (0ms)
				EditorAssembliesLoaded (0ms)
			ExecutionOrderSort2 (0ms)
			AwakeInstancesAfterBackupRestoration (0ms)
Platform modules already initialized, skipping
Registering precompiled user dll's ...
Registered in 0.004358 seconds.
Begin MonoManager ReloadAssembly
Symbol file LoadedFromMemory doesn't match image /Users/student/Documents/MTEC-2120-MarlenXique/MTEC-2120-MiniKeyboard/Library/PackageCache/com.unity.visualscripting@1.7.8/Editor/VisualScripting.Core/Dependencies/YamlDotNet/Unity.VisualScripting.YamlDotNet.dll
Symbol file LoadedFromMemory doesn't match image /Users/student/Documents/MTEC-2120-MarlenXique/MTEC-2120-MiniKeyboard/Library/PackageCache/com.unity.visualscripting@1.7.8/Editor/VisualScripting.Core/Dependencies/DotNetZip/Unity.VisualScripting.IonicZip.dll
Native extension for OSXStandalone target not found
Refreshing native plugins compatible for Editor in 0.72 ms, found 2 plugins.
Preloading 0 native plugins for Editor in 0.00 ms.
Mono: successfully reloaded assembly
- Completed reload, in  1.579 seconds
Domain Reload Profiling:
	ReloadAssembly (1581ms)
		BeginReloadAssembly (146ms)
			ExecutionOrderSort (0ms)
			DisableScriptedObjects (9ms)
			BackupInstance (0ms)
			ReleaseScriptingObjects (0ms)
			CreateAndSetChildDomain (38ms)
		EndReloadAssembly (1249ms)
			LoadAssemblies (85ms)
			RebuildTransferFunctionScriptingTraits (0ms)
			SetupTypeCache (453ms)
			ReleaseScriptCaches (1ms)
			RebuildScriptCaches (85ms)
			SetupLoadedEditorAssemblies (548ms)
				LogAssemblyErrors (0ms)
				InitializePlatformSupportModulesInManaged (6ms)
				SetLoadedEditorAssemblies (1ms)
				RefreshPlugins (1ms)
				BeforeProcessingInitializeOnLoad (114ms)
				ProcessInitializeOnLoadAttributes (381ms)
				ProcessInitializeOnLoadMethodAttributes (44ms)
				AfterProcessingInitializeOnLoad (2ms)
				EditorAssembliesLoaded (0ms)
			ExecutionOrderSort2 (0ms)
			AwakeInstancesAfterBackupRestoration (6ms)
Platform modules already initialized, skipping
========================================================================
Worker process is ready to serve import requests
Launching external process: /Applications/Unity/Unity.app/Contents/Tools/UnityShaderCompiler
Launched and connected shader compiler UnityShaderCompiler after 0.02 seconds
Refreshing native plugins compatible for Editor in 0.67 ms, found 2 plugins.
Preloading 0 native plugins for Editor in 0.00 ms.
Unloading 3383 Unused Serialized files (Serialized files now loaded: 0)
Unloading 27 unused Assets / (101.7 KB). Loaded Objects now: 3840.
Memory consumption went from 229.2 MB to 229.1 MB.
Total: 4.231488 ms (FindLiveObjects: 0.393831 ms CreateObjectMapping: 0.208950 ms MarkObjects: 3.488259 ms  DeleteObjects: 0.139101 ms)

AssetImportParameters requested are different than current active one (requested -> active):
  custom:video-decoder-ogg-theora: a1e56fd34408186e4bbccfd4996cb3dc -> 
  custom:container-muxer-webm: aa71ff27fc2769a1b78a27578f13a17b -> 
  custom:container-demuxer-webm: 4f35f7cbe854078d1ac9338744f61a02 -> 
  custom:video-encoder-webm-vp8: eb34c28f22e8b96e1ab97ce403110664 -> 
  custom:framework-osx-AVFoundation: b23960f63f64bdc6ff669e2cdcee2391 -> 
  custom:audio-encoder-webm-vorbis: bf7c407c2cedff20999df2af8eb42d56 -> 
  custom:container-demuxer-ogg: 62fdf1f143b41e24485cea50d1cbac27 -> 
  custom:video-decoder-webm-vp8: 9c59270c3fd7afecdb556c50c9e8de78 -> 
  custom:audio-decoder-ogg-vorbis: bf7c407c2cedff20999df2af8eb42d56 -> 
========================================================================
Received Import Request.
  Time since last request: 8396.958854 seconds.
  path: Assets/Rune Assets/Musical Instuments
  artifactKey: Guid(a58e6fa1771a14089bacf44d07365135) Importer(815301076,1909f56bfc062723c751e8b465ee728b)
Start importing Assets/Rune Assets/Musical Instuments using Guid(a58e6fa1771a14089bacf44d07365135) Importer(815301076,1909f56bfc062723c751e8b465ee728b)  -> (artifact id: 'a3bb728019fefad0c28be6fc886acdf0') in 0.009597 seconds 
========================================================================
Received Import Request.
  Time since last request: 79.646558 seconds.
  path: Assets/Rune Assets/Musical Instuments/MIDI Keyboard/midi_keyboard/ReflectionProbe-0.exr
  artifactKey: Guid(05ea3625b9e69f74aaf9e93602c32072) Importer(815301076,1909f56bfc062723c751e8b465ee728b)
Start importing Assets/Rune Assets/Musical Instuments/MIDI Keyboard/midi_keyboard/ReflectionProbe-0.exr using Guid(05ea3625b9e69f74aaf9e93602c32072) Importer(815301076,1909f56bfc062723c751e8b465ee728b)  -> (artifact id: '8e5f9a2bd83dd606fd7435d11fbf3596') in 0.570956 seconds 
========================================================================
Received Import Request.
  Time since last request: 1.898281 seconds.
  path: Assets/Rune Assets/Musical Instuments/MIDI Keyboard/Sound/c0.wav
  artifactKey: Guid(14c8df2155ff0ad4886b680988b98e97) Importer(815301076,1909f56bfc062723c751e8b465ee728b)
Start importing Assets/Rune Assets/Musical Instuments/MIDI Keyboard/Sound/c0.wav using Guid(14c8df2155ff0ad4886b680988b98e97) Importer(815301076,1909f56bfc062723c751e8b465ee728b)  -> (artifact id: '3113a333d9934820b1df6da793deb88c') in 0.403984 seconds 
========================================================================
Received Import Request.
  Time since last request: 0.000077 seconds.
  path: Assets/Rune Assets/Musical Instuments/MIDI Keyboard/Sound/c8.wav
  artifactKey: Guid(bbf0911611fbb5f4d82491c53423af01) Importer(815301076,1909f56bfc062723c751e8b465ee728b)
Start importing Assets/Rune Assets/Musical Instuments/MIDI Keyboard/Sound/c8.wav using Guid(bbf0911611fbb5f4d82491c53423af01) Importer(815301076,1909f56bfc062723c751e8b465ee728b)  -> (artifact id: '5dd9fd5114d2b4b8c915397423750284') in 0.011893 seconds 
========================================================================
Received Import Request.
  Time since last request: 0.000097 seconds.
  path: Assets/Rune Assets/Musical Instuments/MIDI Keyboard/Sound/c3.wav
  artifactKey: Guid(ab58c2d78338eab42855a58d25761902) Importer(815301076,1909f56bfc062723c751e8b465ee728b)
Start importing Assets/Rune Assets/Musical Instuments/MIDI Keyboard/Sound/c3.wav using Guid(ab58c2d78338eab42855a58d25761902) Importer(815301076,1909f56bfc062723c751e8b465ee728b)  -> (artifact id: 'a7b6209393fc324cfa214e816f754e02') in 0.010285 seconds 
========================================================================
Received Import Request.
  Time since last request: 0.000143 seconds.
  path: Assets/Rune Assets/Musical Instuments/MIDI Keyboard/Sound/c4.wav
  artifactKey: Guid(efe6eca5a2a85de499b3f4e5669dc47e) Importer(815301076,1909f56bfc062723c751e8b465ee728b)
Start importing Assets/Rune Assets/Musical Instuments/MIDI Keyboard/Sound/c4.wav using Guid(efe6eca5a2a85de499b3f4e5669dc47e) Importer(815301076,1909f56bfc062723c751e8b465ee728b)  -> (artifact id: '5c59d384daac33f47d0fde6988ee7080') in 0.010692 seconds 
========================================================================
Received Import Request.
  Time since last request: 0.000066 seconds.
  path: Assets/Rune Assets/Musical Instuments/MIDI Keyboard/Sound/c2.wav
  artifactKey: Guid(2a8b7b85a80dbb04fab46c1a5976c534) Importer(815301076,1909f56bfc062723c751e8b465ee728b)
Start importing Assets/Rune Assets/Musical Instuments/MIDI Keyboard/Sound/c2.wav using Guid(2a8b7b85a80dbb04fab46c1a5976c534) Importer(815301076,1909f56bfc062723c751e8b465ee728b)  -> (artifact id: '30921e3fbf547b85664509984a6788b5') in 0.010811 seconds 
========================================================================
Received Import Request.
  Time since last request: 0.000084 seconds.
  path: Assets/Rune Assets/Musical Instuments/MIDI Keyboard/Sound/c1.wav
  artifactKey: Guid(33f47a2ce953c574ca9efd465c9c84d9) Importer(815301076,1909f56bfc062723c751e8b465ee728b)
Start importing Assets/Rune Assets/Musical Instuments/MIDI Keyboard/Sound/c1.wav using Guid(33f47a2ce953c574ca9efd465c9c84d9) Importer(815301076,1909f56bfc062723c751e8b465ee728b)  -> (artifact id: '0d623fd4df40bf7cda9280f3a8c82b70') in 0.011029 seconds 
========================================================================
Received Import Request.
  Time since last request: 33.807143 seconds.
  path: Assets/Rune Assets/Musical Instuments/MIDI Keyboard/Textures/25/midi_keyboard_25_AO.png
  artifactKey: Guid(745d21eb73ed8804089d2ade19af2aae) Importer(815301076,1909f56bfc062723c751e8b465ee728b)
Start importing Assets/Rune Assets/Musical Instuments/MIDI Keyboard/Textures/25/midi_keyboard_25_AO.png using Guid(745d21eb73ed8804089d2ade19af2aae) Importer(815301076,1909f56bfc062723c751e8b465ee728b)  -> (artifact id: 'c4cb2893f816f923191dcf2c29f2c7ac') in 0.426362 seconds 
========================================================================
Received Import Request.
  Time since last request: 0.000108 seconds.
  path: Assets/Rune Assets/Musical Instuments/MIDI Keyboard/Textures/25/midi_keyboard_25_MetallicSmoothness.png
  artifactKey: Guid(aa6b8b8e6fa7f234fae140b1924b20b1) Importer(815301076,1909f56bfc062723c751e8b465ee728b)
Start importing Assets/Rune Assets/Musical Instuments/MIDI Keyboard/Textures/25/midi_keyboard_25_MetallicSmoothness.png using Guid(aa6b8b8e6fa7f234fae140b1924b20b1) Importer(815301076,1909f56bfc062723c751e8b465ee728b)  -> (artifact id: '576385f48b10681b058cfe7c43cff918') in 0.038495 seconds 
========================================================================
Received Import Request.
  Time since last request: 2.234028 seconds.
  path: Assets/Rune Assets/Musical Instuments/MIDI Keyboard/Textures/49/midi_keyboard_49_AO.png
  artifactKey: Guid(eb8adc37cde728a4796db60f684a025a) Importer(815301076,1909f56bfc062723c751e8b465ee728b)
Start importing Assets/Rune Assets/Musical Instuments/MIDI Keyboard/Textures/49/midi_keyboard_49_AO.png using Guid(eb8adc37cde728a4796db60f684a025a) Importer(815301076,1909f56bfc062723c751e8b465ee728b)  -> (artifact id: 'db88506067f04774e34debbb939a35eb') in 0.039907 seconds 
========================================================================
Received Import Request.
  Time since last request: 0.000082 seconds.
  path: Assets/Rune Assets/Musical Instuments/MIDI Keyboard/Textures/49/midi_keyboard_49_Normal.png
  artifactKey: Guid(1fb07315108f7b343851d4e2e955e465) Importer(815301076,1909f56bfc062723c751e8b465ee728b)
Start importing Assets/Rune Assets/Musical Instuments/MIDI Keyboard/Textures/49/midi_keyboard_49_Normal.png using Guid(1fb07315108f7b343851d4e2e955e465) Importer(815301076,1909f56bfc062723c751e8b465ee728b)  -> (artifact id: '06d259c8365e2b24220d619b48a578a6') in 0.066996 seconds 
========================================================================
Received Import Request.
  Time since last request: 1.074690 seconds.
  path: Assets/Rune Assets/Musical Instuments/MIDI Keyboard/Textures/61/midi_keyboard_AO.png
  artifactKey: Guid(b3155381866a77f4ba7b221fcfc45a26) Importer(815301076,1909f56bfc062723c751e8b465ee728b)
Start importing Assets/Rune Assets/Musical Instuments/MIDI Keyboard/Textures/61/midi_keyboard_AO.png using Guid(b3155381866a77f4ba7b221fcfc45a26) Importer(815301076,1909f56bfc062723c751e8b465ee728b)  -> (artifact id: '343280c61035c5946de8e0e7ff42e8bf') in 0.044817 seconds 
========================================================================
Received Import Request.
  Time since last request: 1.724222 seconds.
  path: Assets/Rune Assets/Musical Instuments/MIDI Keyboard/midi_keyboard_25.prefab
  artifactKey: Guid(0409a635838825340a2db6441dee82dd) Importer(815301076,1909f56bfc062723c751e8b465ee728b)
Start importing Assets/Rune Assets/Musical Instuments/MIDI Keyboard/midi_keyboard_25.prefab using Guid(0409a635838825340a2db6441dee82dd) Importer(815301076,1909f56bfc062723c751e8b465ee728b)  -> (artifact id: '1fdbe8d2d41b8f971f943096c903c560') in 0.866466 seconds 
========================================================================
Received Import Request.
  Time since last request: 0.000094 seconds.
  path: Assets/Rune Assets/Musical Instuments/MIDI Keyboard/midi_keyboard_49.mat
  artifactKey: Guid(26d56a05f646e6b478d6d668197e7f3a) Importer(815301076,1909f56bfc062723c751e8b465ee728b)
Start importing Assets/Rune Assets/Musical Instuments/MIDI Keyboard/midi_keyboard_49.mat using Guid(26d56a05f646e6b478d6d668197e7f3a) Importer(815301076,1909f56bfc062723c751e8b465ee728b)  -> (artifact id: '7188792f837e2bd0d3105c36a77f3878') in 0.322133 seconds 
========================================================================
Received Import Request.
  Time since last request: 0.000077 seconds.
  path: Assets/Rune Assets/Musical Instuments/MIDI Keyboard/midi_keyboard_61_gray.mat
  artifactKey: Guid(880d38c6de5ed2d4e8255bc1769a77c0) Importer(815301076,1909f56bfc062723c751e8b465ee728b)
Start importing Assets/Rune Assets/Musical Instuments/MIDI Keyboard/midi_keyboard_61_gray.mat using Guid(880d38c6de5ed2d4e8255bc1769a77c0) Importer(815301076,1909f56bfc062723c751e8b465ee728b)  -> (artifact id: '34eb3b99866486dfa60c78a68946ec4c') in 0.126442 seconds 
Editor requested this worker to shutdown with reason: Scaling down because of idle timeout
AssetImportWorker is now disconnected from the server
Process exiting
